LinieMetrou [id=1, statii=[Statie [denumire=Piata_Unirii, numarCalatorii=15000], Statie [denumire=Piata_Unirii, numarCalatorii=15000], Statie [denumire=Piata_Unirii, numarCalatorii=15000], Statie [denumire=Piata_Unirii, numarCalatorii=15000], Statie [denumire=Piata_Unirii, numarCalatorii=15000]]]
LinieMetrou [id=2, statii=[Statie [denumire=Gara_de_Nord, numarCalatorii=17000], Statie [denumire=Gara_de_Nord, numarCalatorii=17000], Statie [denumire=Gara_de_Nord, numarCalatorii=17000], Statie [denumire=Gara_de_Nord, numarCalatorii=17000]]]
LinieMetrou [id=3, statii=[Statie [denumire=Basarab, numarCalatorii=11000], Statie [denumire=Basarab, numarCalatorii=11000], Statie [denumire=Basarab, numarCalatorii=11000]]]
LinieMetrou [id=4, statii=[Statie [denumire=Drumul_Taberei, numarCalatorii=8000], Statie [denumire=Drumul_Taberei, numarCalatorii=8000], Statie [denumire=Drumul_Taberei, numarCalatorii=8000], Statie [denumire=Drumul_Taberei, numarCalatorii=8000]]]
LinieMetrou [id=5, statii=[Statie [denumire=Piata_Sudului, numarCalatorii=13000], Statie [denumire=Piata_Sudului, numarCalatorii=13000], Statie [denumire=Piata_Sudului, numarCalatorii=13000]]]
LinieMetrou [id=6, statii=[Statie [denumire=1_Decembrie_1918, numarCalatorii=9500], Statie [denumire=1_Decembrie_1918, numarCalatorii=9500], Statie [denumire=1_Decembrie_1918, numarCalatorii=9500], Statie [denumire=1_Decembrie_1918, numarCalatorii=9500], Statie [denumire=1_Decembrie_1918, numarCalatorii=9500]]]
LinieMetrou [id=7, statii=[Statie [denumire=Obor, numarCalatorii=14000], Statie [denumire=Obor, numarCalatorii=14000], Statie [denumire=Obor, numarCalatorii=14000]]]
LinieMetrou [id=8, statii=[Statie [denumire=Stefan_cel_Mare, numarCalatorii=12000], Statie [denumire=Stefan_cel_Mare, numarCalatorii=12000], Statie [denumire=Stefan_cel_Mare, numarCalatorii=12000], Statie [denumire=Stefan_cel_Mare, numarCalatorii=12000]]]
LinieMetrou [id=9, statii=[Statie [denumire=Piata_Romana, numarCalatorii=14000], Statie [denumire=Piata_Romana, numarCalatorii=14000], Statie [denumire=Piata_Romana, numarCalatorii=14000]]]
LinieMetrou [id=10, statii=[Statie [denumire=Eroilor, numarCalatorii=10500], Statie [denumire=Eroilor, numarCalatorii=10500], Statie [denumire=Eroilor, numarCalatorii=10500], Statie [denumire=Eroilor, numarCalatorii=10500]]]
LinieMetrou [id=11, statii=[Statie [denumire=Piata_Sudului, numarCalatorii=13000], Statie [denumire=Piata_Sudului, numarCalatorii=13000], Statie [denumire=Piata_Sudului, numarCalatorii=13000]]]
LinieMetrou [id=12, statii=[Statie [denumire=Baneasa, numarCalatorii=11000], Statie [denumire=Baneasa, numarCalatorii=11000], Statie [denumire=Baneasa, numarCalatorii=11000], Statie [denumire=Baneasa, numarCalatorii=11000], Statie [denumire=Baneasa, numarCalatorii=11000]]]
LinieMetrou [id=13, statii=[Statie [denumire=Anghel_Saligny, numarCalatorii=6000], Statie [denumire=Anghel_Saligny, numarCalatorii=6000], Statie [denumire=Anghel_Saligny, numarCalatorii=6000]]]
LinieMetrou [id=14, statii=[Statie [denumire=Jiului, numarCalatorii=7500], Statie [denumire=Jiului, numarCalatorii=7500], Statie [denumire=Jiului, numarCalatorii=7500], Statie [denumire=Jiului, numarCalatorii=7500]]]
LinieMetrou [id=15, statii=[Statie [denumire=Timpuri_Noi, numarCalatorii=9000], Statie [denumire=Timpuri_Noi, numarCalatorii=9000], Statie [denumire=Timpuri_Noi, numarCalatorii=9000]]]
LinieMetrou [id=16, statii=[Statie [denumire=Piata_Victoriei, numarCalatorii=16000], Statie [denumire=Piata_Victoriei, numarCalatorii=16000], Statie [denumire=Piata_Victoriei, numarCalatorii=16000], Statie [denumire=Piata_Victoriei, numarCalatorii=16000], Statie [denumire=Piata_Victoriei, numarCalatorii=16000]]]
LinieMetrou [id=17, statii=[Statie [denumire=Crangasi, numarCalatorii=11000], Statie [denumire=Crangasi, numarCalatorii=11000], Statie [denumire=Crangasi, numarCalatorii=11000], Statie [denumire=Crangasi, numarCalatorii=11000]]]
LinieMetrou [id=18, statii=[Statie [denumire=Gara_de_Nord, numarCalatorii=17000], Statie [denumire=Gara_de_Nord, numarCalatorii=17000], Statie [denumire=Gara_de_Nord, numarCalatorii=17000]]]
LinieMetrou [id=19, statii=[Statie [denumire=Timpuri_Noi, numarCalatorii=9000], Statie [denumire=Timpuri_Noi, numarCalatorii=9000], Statie [denumire=Timpuri_Noi, numarCalatorii=9000], Statie [denumire=Timpuri_Noi, numarCalatorii=9000]]]
LinieMetrou [id=20, statii=[Statie [denumire=Piata_Sudului, numarCalatorii=13000], Statie [denumire=Piata_Sudului, numarCalatorii=13000], Statie [denumire=Piata_Sudului, numarCalatorii=13000]]]
LinieMetrou [id=21, statii=[Statie [denumire=Dristor, numarCalatorii=14000], Statie [denumire=Dristor, numarCalatorii=14000], Statie [denumire=Dristor, numarCalatorii=14000], Statie [denumire=Dristor, numarCalatorii=14000], Statie [denumire=Dristor, numarCalatorii=14000]]]
LinieMetrou [id=22, statii=[Statie [denumire=Eroilor, numarCalatorii=10500], Statie [denumire=Eroilor, numarCalatorii=10500], Statie [denumire=Eroilor, numarCalatorii=10500], Statie [denumire=Eroilor, numarCalatorii=10500]]]
LinieMetrou [id=23, statii=[Statie [denumire=Basarab, numarCalatorii=11000], Statie [denumire=Basarab, numarCalatorii=11000], Statie [denumire=Basarab, numarCalatorii=11000]]]
LinieMetrou [id=24, statii=[Statie [denumire=Jiului, numarCalatorii=7500], Statie [denumire=Jiului, numarCalatorii=7500], Statie [denumire=Jiului, numarCalatorii=7500], Statie [denumire=Jiului, numarCalatorii=7500]]]
LinieMetrou [id=25, statii=[Statie [denumire=Tineretului, numarCalatorii=12000], Statie [denumire=Tineretului, numarCalatorii=12000], Statie [denumire=Tineretului, numarCalatorii=12000]]]
LinieMetrou [id=26, statii=[Statie [denumire=Piata_Unirii, numarCalatorii=15000], Statie [denumire=Piata_Unirii, numarCalatorii=15000], Statie [denumire=Piata_Unirii, numarCalatorii=15000], Statie [denumire=Piata_Unirii, numarCalatorii=15000], Statie [denumire=Piata_Unirii, numarCalatorii=15000]]]
LinieMetrou [id=27, statii=[Statie [denumire=Grozavesti, numarCalatorii=10000], Statie [denumire=Grozavesti, numarCalatorii=10000], Statie [denumire=Grozavesti, numarCalatorii=10000], Statie [denumire=Grozavesti, numarCalatorii=10000]]]
LinieMetrou [id=28, statii=[Statie [denumire=Basarab, numarCalatorii=11000], Statie [denumire=Basarab, numarCalatorii=11000], Statie [denumire=Basarab, numarCalatorii=11000]]]
LinieMetrou [id=29, statii=[Statie [denumire=Piata_Muncii, numarCalatorii=13000], Statie [denumire=Piata_Muncii, numarCalatorii=13000], Statie [denumire=Piata_Muncii, numarCalatorii=13000], Statie [denumire=Piata_Muncii, numarCalatorii=13000]]]
LinieMetrou [id=30, statii=[Statie [denumire=Obor, numarCalatorii=14000], Statie [denumire=Obor, numarCalatorii=14000], Statie [denumire=Obor, numarCalatorii=14000]]]
LinieMetrou [id=31, statii=[Statie [denumire=Crangasi, numarCalatorii=11000], Statie [denumire=Crangasi, numarCalatorii=11000], Statie [denumire=Crangasi, numarCalatorii=11000], Statie [denumire=Crangasi, numarCalatorii=11000]]]
LinieMetrou [id=32, statii=[Statie [denumire=Gara_de_Nord, numarCalatorii=17000], Statie [denumire=Gara_de_Nord, numarCalatorii=17000], Statie [denumire=Gara_de_Nord, numarCalatorii=17000]]]
LinieMetrou [id=33, statii=[Statie [denumire=Universitate, numarCalatorii=13000], Statie [denumire=Universitate, numarCalatorii=13000], Statie [denumire=Universitate, numarCalatorii=13000], Statie [denumire=Universitate, numarCalatorii=13000]]]
LinieMetrou [id=34, statii=[Statie [denumire=Piata_Unirii, numarCalatorii=15000], Statie [denumire=Piata_Unirii, numarCalatorii=15000], Statie [denumire=Piata_Unirii, numarCalatorii=15000]]]
